# JRE version: Java(TM) SE Runtime Environment (8.0_25-b18) (build 1.8.0_25-b18)
# Java VM: Java HotSpot(TM) 64-Bit Server VM (25.25-b02 mixed mode windows-amd64 compressed oops)
Heap:
 PSYoungGen      total 55296K, used 40081K [0x00000007bc400000, 0x00000007c0000000, 0x00000007c0000000)
  eden space 49152K, 73% used [0x00000007bc400000,0x00000007be725748,0x00000007bf400000)
  from space 6144K, 66% used [0x00000007bf400000,0x00000007bf7ff080,0x00000007bfa00000)
  to   space 5632K, 0% used [0x00000007bfa80000,0x00000007bfa80000,0x00000007c0000000)
 ParOldGen       total 118272K, used 100878K [0x0000000700000000, 0x0000000707380000, 0x00000007bc400000)
  object space 118272K, 85% used [0x0000000700000000,0x0000000706283b48,0x0000000707380000)
 Metaspace       used 71438K, capacity 71843K, committed 72320K, reserved 1112064K
  class space    used 10261K, capacity 10347K, committed 10368K, reserved 1048576K
GC Heap History (10 events):
Event: 11779.309 GC heap before
{Heap before GC invocations=677 (full 14):
 PSYoungGen      total 55296K, used 53223K [0x00000007bc400000, 0x00000007c0000000, 0x00000007c0000000)
  eden space 49152K, 100% used [0x00000007bc400000,0x00000007bf400000,0x00000007bf400000)
  from space 6144K, 66% used [0x00000007bfa00000,0x00000007bfdf9ed8,0x00000007c0000000)
  to   space 6144K, 0% used [0x00000007bf400000,0x00000007bf400000,0x00000007bfa00000)
 ParOldGen       total 118272K, used 100454K [0x0000000700000000, 0x0000000707380000, 0x00000007bc400000)
  object space 118272K, 84% used [0x0000000700000000,0x0000000706219b48,0x0000000707380000)
 Metaspace       used 71428K, capacity 71843K, committed 72320K, reserved 1112064K
  class space    used 10261K, capacity 10347K, committed 10368K, reserved 1048576K
Event: 11779.315 GC heap after
Heap after GC invocations=677 (full 14):
 PSYoungGen      total 55296K, used 4071K [0x00000007bc400000, 0x00000007c0000000, 0x00000007c0000000)
  eden space 49152K, 0% used [0x00000007bc400000,0x00000007bc400000,0x00000007bf400000)
  from space 6144K, 66% used [0x00000007bf400000,0x00000007bf7f9ed8,0x00000007bfa00000)
  to   space 6144K, 0% used [0x00000007bfa00000,0x00000007bfa00000,0x00000007c0000000)
 ParOldGen       total 118272K, used 100550K [0x0000000700000000, 0x0000000707380000, 0x00000007bc400000)
  object space 118272K, 85% used [0x0000000700000000,0x0000000706231b48,0x0000000707380000)
 Metaspace       used 71428K, capacity 71843K, committed 72320K, reserved 1112064K
  class space    used 10261K, capacity 10347K, committed 10368K, reserved 1048576K
}
Event: 11783.077 GC heap before
{Heap before GC invocations=678 (full 14):
 PSYoungGen      total 55296K, used 53223K [0x00000007bc400000, 0x00000007c0000000, 0x00000007c0000000)
  eden space 49152K, 100% used [0x00000007bc400000,0x00000007bf400000,0x00000007bf400000)
  from space 6144K, 66% used [0x00000007bf400000,0x00000007bf7f9ed8,0x00000007bfa00000)
  to   space 6144K, 0% used [0x00000007bfa00000,0x00000007bfa00000,0x00000007c0000000)
 ParOldGen       total 118272K, used 100550K [0x0000000700000000, 0x0000000707380000, 0x00000007bc400000)
  object space 118272K, 85% used [0x0000000700000000,0x0000000706231b48,0x0000000707380000)
 Metaspace       used 71429K, capacity 71843K, committed 72320K, reserved 1112064K
  class space    used 10261K, capacity 10347K, committed 10368K, reserved 1048576K
Event: 11783.083 GC heap after
Heap after GC invocations=678 (full 14):
 PSYoungGen      total 55296K, used 4786K [0x00000007bc400000, 0x00000007c0000000, 0x00000007c0000000)
  eden space 49152K, 0% used [0x00000007bc400000,0x00000007bc400000,0x00000007bf400000)
  from space 6144K, 77% used [0x00000007bfa00000,0x00000007bfeacb90,0x00000007c0000000)
  to   space 6144K, 0% used [0x00000007bf400000,0x00000007bf400000,0x00000007bfa00000)
 ParOldGen       total 118272K, used 100638K [0x0000000700000000, 0x0000000707380000, 0x00000007bc400000)
  object space 118272K, 85% used [0x0000000700000000,0x0000000706247b48,0x0000000707380000)
 Metaspace       used 71429K, capacity 71843K, committed 72320K, reserved 1112064K
  class space    used 10261K, capacity 10347K, committed 10368K, reserved 1048576K
}
Event: 11846.891 GC heap before
{Heap before GC invocations=679 (full 14):
 PSYoungGen      total 55296K, used 53938K [0x00000007bc400000, 0x00000007c0000000, 0x00000007c0000000)
  eden space 49152K, 100% used [0x00000007bc400000,0x00000007bf400000,0x00000007bf400000)
  from space 6144K, 77% used [0x00000007bfa00000,0x00000007bfeacb90,0x00000007c0000000)
  to   space 6144K, 0% used [0x00000007bf400000,0x00000007bf400000,0x00000007bfa00000)
 ParOldGen       total 118272K, used 100638K [0x0000000700000000, 0x0000000707380000, 0x00000007bc400000)
  object space 118272K, 85% used [0x0000000700000000,0x0000000706247b48,0x0000000707380000)
 Metaspace       used 71430K, capacity 71843K, committed 72320K, reserved 1112064K
  class space    used 10261K, capacity 10347K, committed 10368K, reserved 1048576K
Event: 11846.898 GC heap after
Heap after GC invocations=679 (full 14):
 PSYoungGen      total 55296K, used 4777K [0x00000007bc400000, 0x00000007c0000000, 0x00000007c0000000)
  eden space 49152K, 0% used [0x00000007bc400000,0x00000007bc400000,0x00000007bf400000)
  from space 6144K, 77% used [0x00000007bf400000,0x00000007bf8aa4a8,0x00000007bfa00000)
  to   space 6144K, 0% used [0x00000007bfa00000,0x00000007bfa00000,0x00000007c0000000)
 ParOldGen       total 118272K, used 100710K [0x0000000700000000, 0x0000000707380000, 0x00000007bc400000)
  object space 118272K, 85% used [0x0000000700000000,0x0000000706259b48,0x0000000707380000)
 Metaspace       used 71430K, capacity 71843K, committed 72320K, reserved 1112064K
  class space    used 10261K, capacity 10347K, committed 10368K, reserved 1048576K
}
Event: 11847.095 GC heap before
{Heap before GC invocations=680 (full 14):
 PSYoungGen      total 55296K, used 53929K [0x00000007bc400000, 0x00000007c0000000, 0x00000007c0000000)
  eden space 49152K, 100% used [0x00000007bc400000,0x00000007bf400000,0x00000007bf400000)
  from space 6144K, 77% used [0x00000007bf400000,0x00000007bf8aa4a8,0x00000007bfa00000)
  to   space 6144K, 0% used [0x00000007bfa00000,0x00000007bfa00000,0x00000007c0000000)
 ParOldGen       total 118272K, used 100710K [0x0000000700000000, 0x0000000707380000, 0x00000007bc400000)
  object space 118272K, 85% used [0x0000000700000000,0x0000000706259b48,0x0000000707380000)
 Metaspace       used 71430K, capacity 71843K, committed 72320K, reserved 1112064K
  class space    used 10261K, capacity 10347K, committed 10368K, reserved 1048576K
Event: 11847.101 GC heap after
Heap after GC invocations=680 (full 14):
 PSYoungGen      total 55296K, used 4175K [0x00000007bc400000, 0x00000007c0000000, 0x00000007c0000000)
  eden space 49152K, 0% used [0x00000007bc400000,0x00000007bc400000,0x00000007bf400000)
  from space 6144K, 67% used [0x00000007bfa00000,0x00000007bfe13fa0,0x00000007c0000000)
  to   space 6144K, 0% used [0x00000007bf400000,0x00000007bf400000,0x00000007bfa00000)
 ParOldGen       total 118272K, used 100806K [0x0000000700000000, 0x0000000707380000, 0x00000007bc400000)
  object space 118272K, 85% used [0x0000000700000000,0x0000000706271b48,0x0000000707380000)
 Metaspace       used 71430K, capacity 71843K, committed 72320K, reserved 1112064K
  class space    used 10261K, capacity 10347K, committed 10368K, reserved 1048576K
}
Event: 11847.494 GC heap before
{Heap before GC invocations=681 (full 14):
 PSYoungGen      total 55296K, used 53327K [0x00000007bc400000, 0x00000007c0000000, 0x00000007c0000000)
  eden space 49152K, 100% used [0x00000007bc400000,0x00000007bf400000,0x00000007bf400000)
  from space 6144K, 67% used [0x00000007bfa00000,0x00000007bfe13fa0,0x00000007c0000000)
  to   space 6144K, 0% used [0x00000007bf400000,0x00000007bf400000,0x00000007bfa00000)
 ParOldGen       total 118272K, used 100806K [0x0000000700000000, 0x0000000707380000, 0x00000007bc400000)
  object space 118272K, 85% used [0x0000000700000000,0x0000000706271b48,0x0000000707380000)
 Metaspace       used 71430K, capacity 71843K, committed 72320K, reserved 1112064K
  class space    used 10261K, capacity 10347K, committed 10368K, reserved 1048576K
Event: 11847.501 GC heap after
Heap after GC invocations=681 (full 14):
 PSYoungGen      total 55296K, used 4092K [0x00000007bc400000, 0x00000007c0000000, 0x00000007c0000000)
  eden space 49152K, 0% used [0x00000007bc400000,0x00000007bc400000,0x00000007bf400000)
  from space 6144K, 66% used [0x00000007bf400000,0x00000007bf7ff080,0x00000007bfa00000)
  to   space 5632K, 0% used [0x00000007bfa80000,0x00000007bfa80000,0x00000007c0000000)
 ParOldGen       total 118272K, used 100878K [0x0000000700000000, 0x0000000707380000, 0x00000007bc400000)
  object space 118272K, 85% used [0x0000000700000000,0x0000000706283b48,0x0000000707380000)
 Metaspace       used 71430K, capacity 71843K, committed 72320K, reserved 1112064K
  class space    used 10261K, capacity 10347K, committed 10368K, reserved 1048576K
}

