# JRE version: Java(TM) SE Runtime Environment (8.0_25-b18) (build 1.8.0_25-b18)
# Java VM: Java HotSpot(TM) 64-Bit Server VM (25.25-b02 mixed mode windows-amd64 compressed oops)
Heap:
 PSYoungGen      total 56320K, used 38540K [0x00000007bc400000, 0x00000007c0000000, 0x00000007c0000000)
  eden space 51200K, 69% used [0x00000007bc400000,0x00000007be6b2ca0,0x00000007bf600000)
  from space 5120K, 58% used [0x00000007bfb00000,0x00000007bfdf0658,0x00000007c0000000)
  to   space 5120K, 0% used [0x00000007bf600000,0x00000007bf600000,0x00000007bfb00000)
 ParOldGen       total 107520K, used 49908K [0x0000000700000000, 0x0000000706900000, 0x00000007bc400000)
  object space 107520K, 46% used [0x0000000700000000,0x00000007030bd3d8,0x0000000706900000)
 Metaspace       used 56763K, capacity 57147K, committed 57600K, reserved 1099776K
  class space    used 8035K, capacity 8136K, committed 8192K, reserved 1048576K
GC Heap History (10 events):
Event: 2013.419 GC heap before
{Heap before GC invocations=138 (full 6):
 PSYoungGen      total 54272K, used 49883K [0x00000007bc400000, 0x00000007c0000000, 0x00000007c0000000)
  eden space 47616K, 100% used [0x00000007bc400000,0x00000007bf280000,0x00000007bf280000)
  from space 6656K, 34% used [0x00000007bf280000,0x00000007bf4b6fd0,0x00000007bf900000)
  to   space 6144K, 0% used [0x00000007bfa00000,0x00000007bfa00000,0x00000007c0000000)
 ParOldGen       total 107520K, used 49908K [0x0000000700000000, 0x0000000706900000, 0x00000007bc400000)
  object space 107520K, 46% used [0x0000000700000000,0x00000007030bd3d8,0x0000000706900000)
 Metaspace       used 56658K, capacity 56987K, committed 57600K, reserved 1099776K
  class space    used 8031K, capacity 8104K, committed 8192K, reserved 1048576K
Event: 2013.423 GC heap after
Heap after GC invocations=138 (full 6):
 PSYoungGen      total 55296K, used 2132K [0x00000007bc400000, 0x00000007c0000000, 0x00000007c0000000)
  eden space 49152K, 0% used [0x00000007bc400000,0x00000007bc400000,0x00000007bf400000)
  from space 6144K, 34% used [0x00000007bfa00000,0x00000007bfc153b0,0x00000007c0000000)
  to   space 6144K, 0% used [0x00000007bf400000,0x00000007bf400000,0x00000007bfa00000)
 ParOldGen       total 107520K, used 49908K [0x0000000700000000, 0x0000000706900000, 0x00000007bc400000)
  object space 107520K, 46% used [0x0000000700000000,0x00000007030bd3d8,0x0000000706900000)
 Metaspace       used 56658K, capacity 56987K, committed 57600K, reserved 1099776K
  class space    used 8031K, capacity 8104K, committed 8192K, reserved 1048576K
}
Event: 2013.647 GC heap before
{Heap before GC invocations=139 (full 6):
 PSYoungGen      total 55296K, used 51284K [0x00000007bc400000, 0x00000007c0000000, 0x00000007c0000000)
  eden space 49152K, 100% used [0x00000007bc400000,0x00000007bf400000,0x00000007bf400000)
  from space 6144K, 34% used [0x00000007bfa00000,0x00000007bfc153b0,0x00000007c0000000)
  to   space 6144K, 0% used [0x00000007bf400000,0x00000007bf400000,0x00000007bfa00000)
 ParOldGen       total 107520K, used 49908K [0x0000000700000000, 0x0000000706900000, 0x00000007bc400000)
  object space 107520K, 46% used [0x0000000700000000,0x00000007030bd3d8,0x0000000706900000)
 Metaspace       used 56658K, capacity 56987K, committed 57600K, reserved 1099776K
  class space    used 8031K, capacity 8104K, committed 8192K, reserved 1048576K
Event: 2013.650 GC heap after
Heap after GC invocations=139 (full 6):
 PSYoungGen      total 55296K, used 2124K [0x00000007bc400000, 0x00000007c0000000, 0x00000007c0000000)
  eden space 49152K, 0% used [0x00000007bc400000,0x00000007bc400000,0x00000007bf400000)
  from space 6144K, 34% used [0x00000007bf400000,0x00000007bf6130c0,0x00000007bfa00000)
  to   space 5632K, 0% used [0x00000007bfa80000,0x00000007bfa80000,0x00000007c0000000)
 ParOldGen       total 107520K, used 49908K [0x0000000700000000, 0x0000000706900000, 0x00000007bc400000)
  object space 107520K, 46% used [0x0000000700000000,0x00000007030bd3d8,0x0000000706900000)
 Metaspace       used 56658K, capacity 56987K, committed 57600K, reserved 1099776K
  class space    used 8031K, capacity 8104K, committed 8192K, reserved 1048576K
}
Event: 2014.745 GC heap before
{Heap before GC invocations=140 (full 6):
 PSYoungGen      total 55296K, used 51276K [0x00000007bc400000, 0x00000007c0000000, 0x00000007c0000000)
  eden space 49152K, 100% used [0x00000007bc400000,0x00000007bf400000,0x00000007bf400000)
  from space 6144K, 34% used [0x00000007bf400000,0x00000007bf6130c0,0x00000007bfa00000)
  to   space 5632K, 0% used [0x00000007bfa80000,0x00000007bfa80000,0x00000007c0000000)
 ParOldGen       total 107520K, used 49908K [0x0000000700000000, 0x0000000706900000, 0x00000007bc400000)
  object space 107520K, 46% used [0x0000000700000000,0x00000007030bd3d8,0x0000000706900000)
 Metaspace       used 56659K, capacity 56987K, committed 57600K, reserved 1099776K
  class space    used 8031K, capacity 8104K, committed 8192K, reserved 1048576K
Event: 2014.750 GC heap after
Heap after GC invocations=140 (full 6):
 PSYoungGen      total 56320K, used 2180K [0x00000007bc400000, 0x00000007c0000000, 0x00000007c0000000)
  eden space 50688K, 0% used [0x00000007bc400000,0x00000007bc400000,0x00000007bf580000)
  from space 5632K, 38% used [0x00000007bfa80000,0x00000007bfca1350,0x00000007c0000000)
  to   space 5120K, 0% used [0x00000007bf580000,0x00000007bf580000,0x00000007bfa80000)
 ParOldGen       total 107520K, used 49908K [0x0000000700000000, 0x0000000706900000, 0x00000007bc400000)
  object space 107520K, 46% used [0x0000000700000000,0x00000007030bd3d8,0x0000000706900000)
 Metaspace       used 56659K, capacity 56987K, committed 57600K, reserved 1099776K
  class space    used 8031K, capacity 8104K, committed 8192K, reserved 1048576K
}
Event: 2028.980 GC heap before
{Heap before GC invocations=141 (full 6):
 PSYoungGen      total 56320K, used 52868K [0x00000007bc400000, 0x00000007c0000000, 0x00000007c0000000)
  eden space 50688K, 100% used [0x00000007bc400000,0x00000007bf580000,0x00000007bf580000)
  from space 5632K, 38% used [0x00000007bfa80000,0x00000007bfca1350,0x00000007c0000000)
  to   space 5120K, 0% used [0x00000007bf580000,0x00000007bf580000,0x00000007bfa80000)
 ParOldGen       total 107520K, used 49908K [0x0000000700000000, 0x0000000706900000, 0x00000007bc400000)
  object space 107520K, 46% used [0x0000000700000000,0x00000007030bd3d8,0x0000000706900000)
 Metaspace       used 56719K, capacity 57083K, committed 57600K, reserved 1099776K
  class space    used 8032K, capacity 8136K, committed 8192K, reserved 1048576K
Event: 2028.990 GC heap after
Heap after GC invocations=141 (full 6):
 PSYoungGen      total 55808K, used 2542K [0x00000007bc400000, 0x00000007c0000000, 0x00000007c0000000)
  eden space 50688K, 0% used [0x00000007bc400000,0x00000007bc400000,0x00000007bf580000)
  from space 5120K, 49% used [0x00000007bf580000,0x00000007bf7fb860,0x00000007bfa80000)
  to   space 5120K, 0% used [0x00000007bfb00000,0x00000007bfb00000,0x00000007c0000000)
 ParOldGen       total 107520K, used 49908K [0x0000000700000000, 0x0000000706900000, 0x00000007bc400000)
  object space 107520K, 46% used [0x0000000700000000,0x00000007030bd3d8,0x0000000706900000)
 Metaspace       used 56719K, capacity 57083K, committed 57600K, reserved 1099776K
  class space    used 8032K, capacity 8136K, committed 8192K, reserved 1048576K
}
Event: 2090.985 GC heap before
{Heap before GC invocations=142 (full 6):
 PSYoungGen      total 55808K, used 53230K [0x00000007bc400000, 0x00000007c0000000, 0x00000007c0000000)
  eden space 50688K, 100% used [0x00000007bc400000,0x00000007bf580000,0x00000007bf580000)
  from space 5120K, 49% used [0x00000007bf580000,0x00000007bf7fb860,0x00000007bfa80000)
  to   space 5120K, 0% used [0x00000007bfb00000,0x00000007bfb00000,0x00000007c0000000)
 ParOldGen       total 107520K, used 49908K [0x0000000700000000, 0x0000000706900000, 0x00000007bc400000)
  object space 107520K, 46% used [0x0000000700000000,0x00000007030bd3d8,0x0000000706900000)
 Metaspace       used 56761K, capacity 57147K, committed 57600K, reserved 1099776K
  class space    used 8035K, capacity 8136K, committed 8192K, reserved 1048576K
Event: 2090.990 GC heap after
Heap after GC invocations=142 (full 6):
 PSYoungGen      total 56320K, used 3009K [0x00000007bc400000, 0x00000007c0000000, 0x00000007c0000000)
  eden space 51200K, 0% used [0x00000007bc400000,0x00000007bc400000,0x00000007bf600000)
  from space 5120K, 58% used [0x00000007bfb00000,0x00000007bfdf0658,0x00000007c0000000)
  to   space 5120K, 0% used [0x00000007bf600000,0x00000007bf600000,0x00000007bfb00000)
 ParOldGen       total 107520K, used 49908K [0x0000000700000000, 0x0000000706900000, 0x00000007bc400000)
  object space 107520K, 46% used [0x0000000700000000,0x00000007030bd3d8,0x0000000706900000)
 Metaspace       used 56761K, capacity 57147K, committed 57600K, reserved 1099776K
  class space    used 8035K, capacity 8136K, committed 8192K, reserved 1048576K
}

