# JRE version: Java(TM) SE Runtime Environment (8.0_25-b18) (build 1.8.0_25-b18)
# Java VM: Java HotSpot(TM) 64-Bit Server VM (25.25-b02 mixed mode windows-amd64 compressed oops)
Heap:
 PSYoungGen      total 54784K, used 45211K [0x00000007bc400000, 0x00000007c0000000, 0x00000007c0000000)
  eden space 48128K, 84% used [0x00000007bc400000,0x00000007bebc82c0,0x00000007bf300000)
  from space 6656K, 67% used [0x00000007bf300000,0x00000007bf75e9f8,0x00000007bf980000)
  to   space 6656K, 0% used [0x00000007bf980000,0x00000007bf980000,0x00000007c0000000)
 ParOldGen       total 116224K, used 43788K [0x0000000700000000, 0x0000000707180000, 0x00000007bc400000)
  object space 116224K, 37% used [0x0000000700000000,0x0000000702ac3190,0x0000000707180000)
 Metaspace       used 55145K, capacity 55473K, committed 56064K, reserved 1097728K
  class space    used 7815K, capacity 7879K, committed 7936K, reserved 1048576K
GC Heap History (10 events):
Event: 575.029 GC heap before
{Heap before GC invocations=80 (full 7):
 PSYoungGen      total 55808K, used 54442K [0x00000007bc400000, 0x00000007c0000000, 0x00000007c0000000)
  eden space 50176K, 100% used [0x00000007bc400000,0x00000007bf500000,0x00000007bf500000)
  from space 5632K, 75% used [0x00000007bfa80000,0x00000007bfeaa838,0x00000007c0000000)
  to   space 5632K, 0% used [0x00000007bf500000,0x00000007bf500000,0x00000007bfa80000)
 ParOldGen       total 116224K, used 43628K [0x0000000700000000, 0x0000000707180000, 0x00000007bc400000)
  object space 116224K, 37% used [0x0000000700000000,0x0000000702a9b190,0x0000000707180000)
 Metaspace       used 55063K, capacity 55409K, committed 56064K, reserved 1097728K
  class space    used 7815K, capacity 7879K, committed 7936K, reserved 1048576K
Event: 575.041 GC heap after
Heap after GC invocations=80 (full 7):
 PSYoungGen      total 54784K, used 4472K [0x00000007bc400000, 0x00000007c0000000, 0x00000007c0000000)
  eden space 50176K, 0% used [0x00000007bc400000,0x00000007bc400000,0x00000007bf500000)
  from space 4608K, 97% used [0x00000007bf500000,0x00000007bf95e1c8,0x00000007bf980000)
  to   space 6144K, 0% used [0x00000007bfa00000,0x00000007bfa00000,0x00000007c0000000)
 ParOldGen       total 116224K, used 43628K [0x0000000700000000, 0x0000000707180000, 0x00000007bc400000)
  object space 116224K, 37% used [0x0000000700000000,0x0000000702a9b190,0x0000000707180000)
 Metaspace       used 55063K, capacity 55409K, committed 56064K, reserved 1097728K
  class space    used 7815K, capacity 7879K, committed 7936K, reserved 1048576K
}
Event: 626.249 GC heap before
{Heap before GC invocations=81 (full 7):
 PSYoungGen      total 54784K, used 54648K [0x00000007bc400000, 0x00000007c0000000, 0x00000007c0000000)
  eden space 50176K, 100% used [0x00000007bc400000,0x00000007bf500000,0x00000007bf500000)
  from space 4608K, 97% used [0x00000007bf500000,0x00000007bf95e1c8,0x00000007bf980000)
  to   space 6144K, 0% used [0x00000007bfa00000,0x00000007bfa00000,0x00000007c0000000)
 ParOldGen       total 116224K, used 43628K [0x0000000700000000, 0x0000000707180000, 0x00000007bc400000)
  object space 116224K, 37% used [0x0000000700000000,0x0000000702a9b190,0x0000000707180000)
 Metaspace       used 55093K, capacity 55409K, committed 56064K, reserved 1097728K
  class space    used 7815K, capacity 7879K, committed 7936K, reserved 1048576K
Event: 626.258 GC heap after
Heap after GC invocations=81 (full 7):
 PSYoungGen      total 55296K, used 4433K [0x00000007bc400000, 0x00000007c0000000, 0x00000007c0000000)
  eden space 49152K, 0% used [0x00000007bc400000,0x00000007bc400000,0x00000007bf400000)
  from space 6144K, 72% used [0x00000007bfa00000,0x00000007bfe54678,0x00000007c0000000)
  to   space 6144K, 0% used [0x00000007bf400000,0x00000007bf400000,0x00000007bfa00000)
 ParOldGen       total 116224K, used 43628K [0x0000000700000000, 0x0000000707180000, 0x00000007bc400000)
  object space 116224K, 37% used [0x0000000700000000,0x0000000702a9b190,0x0000000707180000)
 Metaspace       used 55093K, capacity 55409K, committed 56064K, reserved 1097728K
  class space    used 7815K, capacity 7879K, committed 7936K, reserved 1048576K
}
Event: 690.914 GC heap before
{Heap before GC invocations=82 (full 7):
 PSYoungGen      total 55296K, used 53585K [0x00000007bc400000, 0x00000007c0000000, 0x00000007c0000000)
  eden space 49152K, 100% used [0x00000007bc400000,0x00000007bf400000,0x00000007bf400000)
  from space 6144K, 72% used [0x00000007bfa00000,0x00000007bfe54678,0x00000007c0000000)
  to   space 6144K, 0% used [0x00000007bf400000,0x00000007bf400000,0x00000007bfa00000)
 ParOldGen       total 116224K, used 43628K [0x0000000700000000, 0x0000000707180000, 0x00000007bc400000)
  object space 116224K, 37% used [0x0000000700000000,0x0000000702a9b190,0x0000000707180000)
 Metaspace       used 55095K, capacity 55409K, committed 56064K, reserved 1097728K
  class space    used 7815K, capacity 7879K, committed 7936K, reserved 1048576K
Event: 690.921 GC heap after
Heap after GC invocations=82 (full 7):
 PSYoungGen      total 55296K, used 4554K [0x00000007bc400000, 0x00000007c0000000, 0x00000007c0000000)
  eden space 49152K, 0% used [0x00000007bc400000,0x00000007bc400000,0x00000007bf400000)
  from space 6144K, 74% used [0x00000007bf400000,0x00000007bf8728f8,0x00000007bfa00000)
  to   space 6144K, 0% used [0x00000007bfa00000,0x00000007bfa00000,0x00000007c0000000)
 ParOldGen       total 116224K, used 43628K [0x0000000700000000, 0x0000000707180000, 0x00000007bc400000)
  object space 116224K, 37% used [0x0000000700000000,0x0000000702a9b190,0x0000000707180000)
 Metaspace       used 55095K, capacity 55409K, committed 56064K, reserved 1097728K
  class space    used 7815K, capacity 7879K, committed 7936K, reserved 1048576K
}
Event: 692.221 GC heap before
{Heap before GC invocations=83 (full 7):
 PSYoungGen      total 55296K, used 53706K [0x00000007bc400000, 0x00000007c0000000, 0x00000007c0000000)
  eden space 49152K, 100% used [0x00000007bc400000,0x00000007bf400000,0x00000007bf400000)
  from space 6144K, 74% used [0x00000007bf400000,0x00000007bf8728f8,0x00000007bfa00000)
  to   space 6144K, 0% used [0x00000007bfa00000,0x00000007bfa00000,0x00000007c0000000)
 ParOldGen       total 116224K, used 43628K [0x0000000700000000, 0x0000000707180000, 0x00000007bc400000)
  object space 116224K, 37% used [0x0000000700000000,0x0000000702a9b190,0x0000000707180000)
 Metaspace       used 55109K, capacity 55473K, committed 56064K, reserved 1097728K
  class space    used 7815K, capacity 7879K, committed 7936K, reserved 1048576K
Event: 692.226 GC heap after
Heap after GC invocations=83 (full 7):
 PSYoungGen      total 54272K, used 4602K [0x00000007bc400000, 0x00000007c0000000, 0x00000007c0000000)
  eden space 48128K, 0% used [0x00000007bc400000,0x00000007bc400000,0x00000007bf300000)
  from space 6144K, 74% used [0x00000007bfa00000,0x00000007bfe7e9f8,0x00000007c0000000)
  to   space 6656K, 0% used [0x00000007bf300000,0x00000007bf300000,0x00000007bf980000)
 ParOldGen       total 116224K, used 43628K [0x0000000700000000, 0x0000000707180000, 0x00000007bc400000)
  object space 116224K, 37% used [0x0000000700000000,0x0000000702a9b190,0x0000000707180000)
 Metaspace       used 55109K, capacity 55473K, committed 56064K, reserved 1097728K
  class space    used 7815K, capacity 7879K, committed 7936K, reserved 1048576K
}
Event: 726.253 GC heap before
{Heap before GC invocations=84 (full 7):
 PSYoungGen      total 54272K, used 52730K [0x00000007bc400000, 0x00000007c0000000, 0x00000007c0000000)
  eden space 48128K, 100% used [0x00000007bc400000,0x00000007bf300000,0x00000007bf300000)
  from space 6144K, 74% used [0x00000007bfa00000,0x00000007bfe7e9f8,0x00000007c0000000)
  to   space 6656K, 0% used [0x00000007bf300000,0x00000007bf300000,0x00000007bf980000)
 ParOldGen       total 116224K, used 43628K [0x0000000700000000, 0x0000000707180000, 0x00000007bc400000)
  object space 116224K, 37% used [0x0000000700000000,0x0000000702a9b190,0x0000000707180000)
 Metaspace       used 55113K, capacity 55473K, committed 56064K, reserved 1097728K
  class space    used 7815K, capacity 7879K, committed 7936K, reserved 1048576K
Event: 726.259 GC heap after
Heap after GC invocations=84 (full 7):
 PSYoungGen      total 54784K, used 4474K [0x00000007bc400000, 0x00000007c0000000, 0x00000007c0000000)
  eden space 48128K, 0% used [0x00000007bc400000,0x00000007bc400000,0x00000007bf300000)
  from space 6656K, 67% used [0x00000007bf300000,0x00000007bf75e9f8,0x00000007bf980000)
  to   space 6656K, 0% used [0x00000007bf980000,0x00000007bf980000,0x00000007c0000000)
 ParOldGen       total 116224K, used 43788K [0x0000000700000000, 0x0000000707180000, 0x00000007bc400000)
  object space 116224K, 37% used [0x0000000700000000,0x0000000702ac3190,0x0000000707180000)
 Metaspace       used 55113K, capacity 55473K, committed 56064K, reserved 1097728K
  class space    used 7815K, capacity 7879K, committed 7936K, reserved 1048576K
}

